[0mCompiling "target/cljsbuild/public/js/app.js" from ["src/cljs" "src/cljc" "env/dev/cljs"]...[0m
[32mSuccessfully compiled "target/cljsbuild/public/js/app.js" in 2.036 seconds.[0m
notifying browser that file changed:  target/cljsbuild/public/js/out/goog/deps.js
notifying browser that file changed:  target/cljsbuild/public/js/out/cljs_deps.js
notifying browser that file changed:  target/cljsbuild/public/js/out/practice/core.js
[0mCompiling "target/cljsbuild/public/js/app.js" from ["src/cljs" "src/cljc" "env/dev/cljs"]...[0m
[32mSuccessfully compiled "target/cljsbuild/public/js/app.js" in 1.124 seconds.[0m
notifying browser that file changed:  target/cljsbuild/public/js/out/practice/core.js
[0mCompiling "target/cljsbuild/public/js/app.js" from ["src/cljs" "src/cljc" "env/dev/cljs"]...[0m
[32mSuccessfully compiled "target/cljsbuild/public/js/app.js" in 0.786 seconds.[0m
notifying browser that file changed:  target/cljsbuild/public/js/out/practice/core.js
[0mCompiling "target/cljsbuild/public/js/app.js" from ["src/cljs" "src/cljc" "env/dev/cljs"]...[0m
[32mSuccessfully compiled "target/cljsbuild/public/js/app.js" in 3.538 seconds.[0m
notifying browser that file changed:  target/cljsbuild/public/js/out/goog/deps.js
notifying browser that file changed:  target/cljsbuild/public/js/out/cljs_deps.js
notifying browser that file changed:  target/cljsbuild/public/js/out/practice/core.js
[0mCompiling "target/cljsbuild/public/js/app.js" from ["src/cljs" "src/cljc" "env/dev/cljs"]...[0m
[32mSuccessfully compiled "target/cljsbuild/public/js/app.js" in 1.152 seconds.[0m
notifying browser that file changed:  target/cljsbuild/public/js/out/practice/core.js
[0mCompiling "target/cljsbuild/public/js/app.js" from ["src/cljs" "src/cljc" "env/dev/cljs"]...[0m
[32mSuccessfully compiled "target/cljsbuild/public/js/app.js" in 1.122 seconds.[0m
notifying browser that file changed:  target/cljsbuild/public/js/out/practice/core.js
[0mCompiling "target/cljsbuild/public/js/app.js" from ["src/cljs" "src/cljc" "env/dev/cljs"]...[0m
[32mSuccessfully compiled "target/cljsbuild/public/js/app.js" in 1.641 seconds.[0m
notifying browser that file changed:  target/cljsbuild/public/js/out/practice/core.js
[0mCompiling "target/cljsbuild/public/js/app.js" from ["src/cljs" "src/cljc" "env/dev/cljs"]...[0m
[32mSuccessfully compiled "target/cljsbuild/public/js/app.js" in 0.836 seconds.[0m
notifying browser that file changed:  target/cljsbuild/public/js/out/practice/core.js
[0mCompiling "target/cljsbuild/public/js/app.js" from ["src/cljs" "src/cljc" "env/dev/cljs"]...[0m
[32mSuccessfully compiled "target/cljsbuild/public/js/app.js" in 0.897 seconds.[0m
notifying browser that file changed:  target/cljsbuild/public/js/out/practice/core.js
[0mCompiling "target/cljsbuild/public/js/app.js" from ["src/cljs" "src/cljc" "env/dev/cljs"]...[0m
[32mSuccessfully compiled "target/cljsbuild/public/js/app.js" in 0.852 seconds.[0m
notifying browser that file changed:  target/cljsbuild/public/js/out/practice/core.js
[0mCompiling "target/cljsbuild/public/js/app.js" from ["src/cljs" "src/cljc" "env/dev/cljs"]...[0m
[32mSuccessfully compiled "target/cljsbuild/public/js/app.js" in 0.967 seconds.[0m
notifying browser that file changed:  target/cljsbuild/public/js/out/practice/core.js
[0mCompiling "target/cljsbuild/public/js/app.js" from ["src/cljs" "src/cljc" "env/dev/cljs"]...[0m
[32mSuccessfully compiled "target/cljsbuild/public/js/app.js" in 0.96 seconds.[0m
notifying browser that file changed:  target/cljsbuild/public/js/out/practice/core.js
[0mCompiling "target/cljsbuild/public/js/app.js" from ["src/cljs" "src/cljc" "env/dev/cljs"]...[0m
[32mSuccessfully compiled "target/cljsbuild/public/js/app.js" in 0.691 seconds.[0m
notifying browser that file changed:  target/cljsbuild/public/js/out/practice/core.js
[0mCompiling "target/cljsbuild/public/js/app.js" from ["src/cljs" "src/cljc" "env/dev/cljs"]...[0m
[32mSuccessfully compiled "target/cljsbuild/public/js/app.js" in 0.839 seconds.[0m
notifying browser that file changed:  target/cljsbuild/public/js/out/practice/core.js
[0mCompiling "target/cljsbuild/public/js/app.js" from ["src/cljs" "src/cljc" "env/dev/cljs"]...[0m
[32mSuccessfully compiled "target/cljsbuild/public/js/app.js" in 1.159 seconds.[0m
notifying browser that file changed:  target/cljsbuild/public/js/out/practice/core.js
[0mCompiling "target/cljsbuild/public/js/app.js" from ["src/cljs" "src/cljc" "env/dev/cljs"]...[0m
[32mSuccessfully compiled "target/cljsbuild/public/js/app.js" in 0.914 seconds.[0m
notifying browser that file changed:  target/cljsbuild/public/js/out/practice/core.js
[0mCompiling "target/cljsbuild/public/js/app.js" from ["src/cljs" "src/cljc" "env/dev/cljs"]...[0m
[32mSuccessfully compiled "target/cljsbuild/public/js/app.js" in 2.565 seconds.[0m
notifying browser that file changed:  target/cljsbuild/public/js/out/practice/core.js
[0mCompiling "target/cljsbuild/public/js/app.js" from ["src/cljs" "src/cljc" "env/dev/cljs"]...[0m
[32mSuccessfully compiled "target/cljsbuild/public/js/app.js" in 1.752 seconds.[0m
notifying browser that file changed:  target/cljsbuild/public/js/out/practice/core.js
[0mCompiling "target/cljsbuild/public/js/app.js" from ["src/cljs" "src/cljc" "env/dev/cljs"]...[0m
[32mSuccessfully compiled "target/cljsbuild/public/js/app.js" in 0.734 seconds.[0m
notifying browser that file changed:  target/cljsbuild/public/js/out/practice/core.js
[0mCompiling "target/cljsbuild/public/js/app.js" from ["src/cljs" "src/cljc" "env/dev/cljs"]...[0m
[32mSuccessfully compiled "target/cljsbuild/public/js/app.js" in 0.971 seconds.[0m
notifying browser that file changed:  target/cljsbuild/public/js/out/practice/core.js
[0mCompiling "target/cljsbuild/public/js/app.js" from ["src/cljs" "src/cljc" "env/dev/cljs"]...[0m
[32mSuccessfully compiled "target/cljsbuild/public/js/app.js" in 0.907 seconds.[0m
notifying browser that file changed:  target/cljsbuild/public/js/out/practice/core.js
[0mCompiling "target/cljsbuild/public/js/app.js" from ["src/cljs" "src/cljc" "env/dev/cljs"]...[0m
[32mSuccessfully compiled "target/cljsbuild/public/js/app.js" in 0.956 seconds.[0m
notifying browser that file changed:  target/cljsbuild/public/js/out/practice/core.js
[0mCompiling "target/cljsbuild/public/js/app.js" from ["src/cljs" "src/cljc" "env/dev/cljs"]...[0m
[32mSuccessfully compiled "target/cljsbuild/public/js/app.js" in 0.739 seconds.[0m
notifying browser that file changed:  target/cljsbuild/public/js/out/practice/core.js
[0mCompiling "target/cljsbuild/public/js/app.js" from ["src/cljs" "src/cljc" "env/dev/cljs"]...[0m
[32mSuccessfully compiled "target/cljsbuild/public/js/app.js" in 0.689 seconds.[0m
notifying browser that file changed:  target/cljsbuild/public/js/out/practice/core.js
[0mCompiling "target/cljsbuild/public/js/app.js" from ["src/cljs" "src/cljc" "env/dev/cljs"]...[0m
[32mSuccessfully compiled "target/cljsbuild/public/js/app.js" in 0.606 seconds.[0m
notifying browser that file changed:  target/cljsbuild/public/js/out/practice/core.js
[0mCompiling "target/cljsbuild/public/js/app.js" from ["src/cljs" "src/cljc" "env/dev/cljs"]...[0m
[32mSuccessfully compiled "target/cljsbuild/public/js/app.js" in 0.93 seconds.[0m
notifying browser that file changed:  target/cljsbuild/public/js/out/practice/core.js
[0mCompiling "target/cljsbuild/public/js/app.js" from ["src/cljs" "src/cljc" "env/dev/cljs"]...[0m
[32mSuccessfully compiled "target/cljsbuild/public/js/app.js" in 0.778 seconds.[0m
notifying browser that file changed:  target/cljsbuild/public/js/out/practice/core.js
[0mCompiling "target/cljsbuild/public/js/app.js" from ["src/cljs" "src/cljc" "env/dev/cljs"]...[0m
[32mSuccessfully compiled "target/cljsbuild/public/js/app.js" in 1.48 seconds.[0m
notifying browser that file changed:  target/cljsbuild/public/js/out/practice/core.js
[0mCompiling "target/cljsbuild/public/js/app.js" from ["src/cljs" "src/cljc" "env/dev/cljs"]...[0m
[32mSuccessfully compiled "target/cljsbuild/public/js/app.js" in 0.804 seconds.[0m
notifying browser that file changed:  target/cljsbuild/public/js/out/practice/core.js
[0mCompiling "target/cljsbuild/public/js/app.js" from ["src/cljs" "src/cljc" "env/dev/cljs"]...[0m
[32mSuccessfully compiled "target/cljsbuild/public/js/app.js" in 0.643 seconds.[0m
notifying browser that file changed:  target/cljsbuild/public/js/out/practice/core.js
[0mCompiling "target/cljsbuild/public/js/app.js" from ["src/cljs" "src/cljc" "env/dev/cljs"]...[0m
[32mSuccessfully compiled "target/cljsbuild/public/js/app.js" in 0.894 seconds.[0m
notifying browser that file changed:  target/cljsbuild/public/js/out/practice/core.js
[0mCompiling "target/cljsbuild/public/js/app.js" from ["src/cljs" "src/cljc" "env/dev/cljs"]...[0m
[32mSuccessfully compiled "target/cljsbuild/public/js/app.js" in 0.793 seconds.[0m
notifying browser that file changed:  target/cljsbuild/public/js/out/practice/core.js
[0mCompiling "target/cljsbuild/public/js/app.js" from ["src/cljs" "src/cljc" "env/dev/cljs"]...[0m
[32mSuccessfully compiled "target/cljsbuild/public/js/app.js" in 0.683 seconds.[0m
notifying browser that file changed:  target/cljsbuild/public/js/out/practice/core.js
[0mCompiling "target/cljsbuild/public/js/app.js" from ["src/cljs" "src/cljc" "env/dev/cljs"]...[0m
[32mSuccessfully compiled "target/cljsbuild/public/js/app.js" in 1.378 seconds.[0m
notifying browser that file changed:  target/cljsbuild/public/js/out/practice/core.js
[0mCompiling "target/cljsbuild/public/js/app.js" from ["src/cljs" "src/cljc" "env/dev/cljs"]...[0m
[32mSuccessfully compiled "target/cljsbuild/public/js/app.js" in 0.652 seconds.[0m
notifying browser that file changed:  target/cljsbuild/public/js/out/practice/core.js
[0mCompiling "target/cljsbuild/public/js/app.js" from ["src/cljs" "src/cljc" "env/dev/cljs"]...[0m
[32mSuccessfully compiled "target/cljsbuild/public/js/app.js" in 0.601 seconds.[0m
notifying browser that file changed:  target/cljsbuild/public/js/out/practice/core.js
[0mCompiling "target/cljsbuild/public/js/app.js" from ["src/cljs" "src/cljc" "env/dev/cljs"]...[0m
[32mSuccessfully compiled "target/cljsbuild/public/js/app.js" in 0.81 seconds.[0m
notifying browser that file changed:  target/cljsbuild/public/js/out/practice/core.js
[0mCompiling "target/cljsbuild/public/js/app.js" from ["src/cljs" "src/cljc" "env/dev/cljs"]...[0m
[32mSuccessfully compiled "target/cljsbuild/public/js/app.js" in 0.765 seconds.[0m
notifying browser that file changed:  target/cljsbuild/public/js/out/practice/core.js
[0mCompiling "target/cljsbuild/public/js/app.js" from ["src/cljs" "src/cljc" "env/dev/cljs"]...[0m
[32mSuccessfully compiled "target/cljsbuild/public/js/app.js" in 0.741 seconds.[0m
notifying browser that file changed:  target/cljsbuild/public/js/out/practice/core.js
[0mCompiling "target/cljsbuild/public/js/app.js" from ["src/cljs" "src/cljc" "env/dev/cljs"]...[0m
[32mSuccessfully compiled "target/cljsbuild/public/js/app.js" in 0.787 seconds.[0m
notifying browser that file changed:  target/cljsbuild/public/js/out/practice/core.js
[0mCompiling "target/cljsbuild/public/js/app.js" from ["src/cljs" "src/cljc" "env/dev/cljs"]...[0m
[32mSuccessfully compiled "target/cljsbuild/public/js/app.js" in 0.735 seconds.[0m
notifying browser that file changed:  target/cljsbuild/public/js/out/practice/core.js
[0mCompiling "target/cljsbuild/public/js/app.js" from ["src/cljs" "src/cljc" "env/dev/cljs"]...[0m
[32mSuccessfully compiled "target/cljsbuild/public/js/app.js" in 0.771 seconds.[0m
notifying browser that file changed:  target/cljsbuild/public/js/out/practice/core.js
[0mCompiling "target/cljsbuild/public/js/app.js" from ["src/cljs" "src/cljc" "env/dev/cljs"]...[0m
[32mSuccessfully compiled "target/cljsbuild/public/js/app.js" in 0.634 seconds.[0m
notifying browser that file changed:  target/cljsbuild/public/js/out/practice/core.js
[0mCompiling "target/cljsbuild/public/js/app.js" from ["src/cljs" "src/cljc" "env/dev/cljs"]...[0m
[32mSuccessfully compiled "target/cljsbuild/public/js/app.js" in 0.556 seconds.[0m
notifying browser that file changed:  target/cljsbuild/public/js/out/practice/core.js
[0mCompiling "target/cljsbuild/public/js/app.js" from ["src/cljs" "src/cljc" "env/dev/cljs"]...[0m
[32mSuccessfully compiled "target/cljsbuild/public/js/app.js" in 0.598 seconds.[0m
notifying browser that file changed:  target/cljsbuild/public/js/out/practice/core.js
[0mCompiling "target/cljsbuild/public/js/app.js" from ["src/cljs" "src/cljc" "env/dev/cljs"]...[0m
[32mSuccessfully compiled "target/cljsbuild/public/js/app.js" in 0.68 seconds.[0m
notifying browser that file changed:  target/cljsbuild/public/js/out/practice/core.js
[0mCompiling "target/cljsbuild/public/js/app.js" from ["src/cljs" "src/cljc" "env/dev/cljs"]...[0m
[32mSuccessfully compiled "target/cljsbuild/public/js/app.js" in 0.599 seconds.[0m
notifying browser that file changed:  target/cljsbuild/public/js/out/practice/core.js
[0mCompiling "target/cljsbuild/public/js/app.js" from ["src/cljs" "src/cljc" "env/dev/cljs"]...[0m
[32mSuccessfully compiled "target/cljsbuild/public/js/app.js" in 0.705 seconds.[0m
notifying browser that file changed:  target/cljsbuild/public/js/out/practice/core.js
[0mCompiling "target/cljsbuild/public/js/app.js" from ["src/cljs" "src/cljc" "env/dev/cljs"]...[0m
[32mSuccessfully compiled "target/cljsbuild/public/js/app.js" in 0.628 seconds.[0m
notifying browser that file changed:  target/cljsbuild/public/js/out/practice/core.js
[0mCompiling "target/cljsbuild/public/js/app.js" from ["src/cljs" "src/cljc" "env/dev/cljs"]...[0m
[32mSuccessfully compiled "target/cljsbuild/public/js/app.js" in 0.59 seconds.[0m
notifying browser that file changed:  target/cljsbuild/public/js/out/practice/core.js
[0mCompiling "target/cljsbuild/public/js/app.js" from ["src/cljs" "src/cljc" "env/dev/cljs"]...[0m
[32mSuccessfully compiled "target/cljsbuild/public/js/app.js" in 0.652 seconds.[0m
notifying browser that file changed:  target/cljsbuild/public/js/out/practice/core.js
[0mCompiling "target/cljsbuild/public/js/app.js" from ["src/cljs" "src/cljc" "env/dev/cljs"]...[0m
[32mSuccessfully compiled "target/cljsbuild/public/js/app.js" in 0.595 seconds.[0m
notifying browser that file changed:  target/cljsbuild/public/js/out/practice/core.js
[0mCompiling "target/cljsbuild/public/js/app.js" from ["src/cljs" "src/cljc" "env/dev/cljs"]...[0m
[32mSuccessfully compiled "target/cljsbuild/public/js/app.js" in 0.569 seconds.[0m
notifying browser that file changed:  target/cljsbuild/public/js/out/practice/core.js
[0mCompiling "target/cljsbuild/public/js/app.js" from ["src/cljs" "src/cljc" "env/dev/cljs"]...[0m
[32mSuccessfully compiled "target/cljsbuild/public/js/app.js" in 0.588 seconds.[0m
notifying browser that file changed:  target/cljsbuild/public/js/out/practice/core.js
[0mCompiling "target/cljsbuild/public/js/app.js" from ["src/cljs" "src/cljc" "env/dev/cljs"]...[0m
[32mSuccessfully compiled "target/cljsbuild/public/js/app.js" in 0.785 seconds.[0m
notifying browser that file changed:  target/cljsbuild/public/js/out/practice/core.js
[0mCompiling "target/cljsbuild/public/js/app.js" from ["src/cljs" "src/cljc" "env/dev/cljs"]...[0m
[32mSuccessfully compiled "target/cljsbuild/public/js/app.js" in 1.477 seconds.[0m
notifying browser that file changed:  target/cljsbuild/public/js/out/goog/deps.js
notifying browser that file changed:  target/cljsbuild/public/js/out/cljs_deps.js
notifying browser that file changed:  target/cljsbuild/public/js/out/practice/core.js
[0mCompiling "target/cljsbuild/public/js/app.js" from ["src/cljs" "src/cljc" "env/dev/cljs"]...[0m
[32mSuccessfully compiled "target/cljsbuild/public/js/app.js" in 1.183 seconds.[0m
notifying browser that file changed:  target/cljsbuild/public/js/out/practice/core.js
[0mCompiling "target/cljsbuild/public/js/app.js" from ["src/cljs" "src/cljc" "env/dev/cljs"]...[0m
[32mSuccessfully compiled "target/cljsbuild/public/js/app.js" in 1.227 seconds.[0m
notifying browser that file changed:  target/cljsbuild/public/js/out/practice/core.js
[0mCompiling "target/cljsbuild/public/js/app.js" from ["src/cljs" "src/cljc" "env/dev/cljs"]...[0m
[32mSuccessfully compiled "target/cljsbuild/public/js/app.js" in 1.054 seconds.[0m
notifying browser that file changed:  target/cljsbuild/public/js/out/practice/core.js
[0mCompiling "target/cljsbuild/public/js/app.js" from ["src/cljs" "src/cljc" "env/dev/cljs"]...[0m
[32mSuccessfully compiled "target/cljsbuild/public/js/app.js" in 1.227 seconds.[0m
notifying browser that file changed:  target/cljsbuild/public/js/out/practice/core.js
Notifying browser that CSS file changed: resources/public/css/screen.css
Notifying browser that CSS file changed: resources/public/css/screen.css
[0mCompiling "target/cljsbuild/public/js/app.js" from ["src/cljs" "src/cljc" "env/dev/cljs"]...[0m
[32mSuccessfully compiled "target/cljsbuild/public/js/app.js" in 1.206 seconds.[0m
notifying browser that file changed:  target/cljsbuild/public/js/out/practice/core.js
[0mCompiling "target/cljsbuild/public/js/app.js" from ["src/cljs" "src/cljc" "env/dev/cljs"]...[0m
[32mSuccessfully compiled "target/cljsbuild/public/js/app.js" in 0.98 seconds.[0m
notifying browser that file changed:  target/cljsbuild/public/js/out/practice/core.js
[0mCompiling "target/cljsbuild/public/js/app.js" from ["src/cljs" "src/cljc" "env/dev/cljs"]...[0m
[32mSuccessfully compiled "target/cljsbuild/public/js/app.js" in 0.872 seconds.[0m
notifying browser that file changed:  target/cljsbuild/public/js/out/practice/core.js
[0mCompiling "target/cljsbuild/public/js/app.js" from ["src/cljs" "src/cljc" "env/dev/cljs"]...[0m
[32mSuccessfully compiled "target/cljsbuild/public/js/app.js" in 0.853 seconds.[0m
notifying browser that file changed:  target/cljsbuild/public/js/out/practice/core.js
[0mCompiling "target/cljsbuild/public/js/app.js" from ["src/cljs" "src/cljc" "env/dev/cljs"]...[0m
[32mSuccessfully compiled "target/cljsbuild/public/js/app.js" in 0.828 seconds.[0m
notifying browser that file changed:  target/cljsbuild/public/js/out/practice/core.js
[0mCompiling "target/cljsbuild/public/js/app.js" from ["src/cljs" "src/cljc" "env/dev/cljs"]...[0m
[32mSuccessfully compiled "target/cljsbuild/public/js/app.js" in 0.829 seconds.[0m
notifying browser that file changed:  target/cljsbuild/public/js/out/practice/core.js
[0mCompiling "target/cljsbuild/public/js/app.js" from ["src/cljs" "src/cljc" "env/dev/cljs"]...[0m
[32mSuccessfully compiled "target/cljsbuild/public/js/app.js" in 0.854 seconds.[0m
notifying browser that file changed:  target/cljsbuild/public/js/out/practice/core.js
[0mCompiling "target/cljsbuild/public/js/app.js" from ["src/cljs" "src/cljc" "env/dev/cljs"]...[0m
[32mSuccessfully compiled "target/cljsbuild/public/js/app.js" in 0.791 seconds.[0m
notifying browser that file changed:  target/cljsbuild/public/js/out/practice/core.js
[0mCompiling "target/cljsbuild/public/js/app.js" from ["src/cljs" "src/cljc" "env/dev/cljs"]...[0m
[32mSuccessfully compiled "target/cljsbuild/public/js/app.js" in 1.433 seconds.[0m
notifying browser that file changed:  target/cljsbuild/public/js/out/practice/core.js
[0mCompiling "target/cljsbuild/public/js/app.js" from ["src/cljs" "src/cljc" "env/dev/cljs"]...[0m
[32mSuccessfully compiled "target/cljsbuild/public/js/app.js" in 0.837 seconds.[0m
notifying browser that file changed:  target/cljsbuild/public/js/out/practice/core.js
Notifying browser that CSS file changed: resources/public/css/screen.css
Notifying browser that CSS file changed: resources/public/css/screen.css
Notifying browser that CSS file changed: resources/public/css/screen.css
Notifying browser that CSS file changed: resources/public/css/screen.css
Notifying browser that CSS file changed: resources/public/css/screen.css
Notifying browser that CSS file changed: resources/public/css/screen.css
[0mCompiling "target/cljsbuild/public/js/app.js" from ["src/cljs" "src/cljc" "env/dev/cljs"]...[0m
[31mFailed to compile "target/cljsbuild/public/js/app.js" in 1.155 seconds.[0m
[36m----  Could not Read  src/cljs/practice/core.cljs   line:67 ----[0m

  [1m/home/rupesh/practice/src/cljs/practice/core.cljs [line 67, col 38] The map literal starting with :url on line 67 column 31 contains 1 form(s). Map literals must contain an even number of forms.[0m

  [36m66[0m  [36m;;complete website practice[0m
  [33m67[0m  [1m[:header {:background-image {:url }}[0m
  [0m  [0m  [33m/home/rupesh/practice/src/cljs/practice/core.cljs [line 67, col 38] The map literal starting with :url on line 67 column 31 contains 1 form(s). Map literals must contain an even number of forms.[0m
  [36m68[0m  [36m [:div.hero[0m
  [36m69[0m  [36m  [:h1 "GOODBYE JUNKFOOD HELLO SUPER HEALTHY MEALS"]]])[0m

[36m----  Reader Error : Please see src/cljs/practice/core.cljs  ----[0m
[0mCompiling "target/cljsbuild/public/js/app.js" from ["src/cljs" "src/cljc" "env/dev/cljs"]...[0m
[32mSuccessfully compiled "target/cljsbuild/public/js/app.js" in 1.495 seconds.[0m
notifying browser that file changed:  target/cljsbuild/public/js/out/goog/deps.js
notifying browser that file changed:  target/cljsbuild/public/js/out/cljs_deps.js
notifying browser that file changed:  target/cljsbuild/public/js/out/practice/core.js
[0mCompiling "target/cljsbuild/public/js/app.js" from ["src/cljs" "src/cljc" "env/dev/cljs"]...[0m
[32mSuccessfully compiled "target/cljsbuild/public/js/app.js" in 1.077 seconds.[0m
notifying browser that file changed:  target/cljsbuild/public/js/out/practice/core.js
[0mCompiling "target/cljsbuild/public/js/app.js" from ["src/cljs" "src/cljc" "env/dev/cljs"]...[0m
[32mSuccessfully compiled "target/cljsbuild/public/js/app.js" in 1.092 seconds.[0m
notifying browser that file changed:  target/cljsbuild/public/js/out/practice/core.js
Notifying browser that CSS file changed: resources/public/css/screen.css
Notifying browser that CSS file changed: resources/public/css/screen.css
Notifying browser that CSS file changed: resources/public/css/screen.css
Notifying browser that CSS file changed: resources/public/css/screen.css
[0mCompiling "target/cljsbuild/public/js/app.js" from ["src/cljs" "src/cljc" "env/dev/cljs"]...[0m
[32mSuccessfully compiled "target/cljsbuild/public/js/app.js" in 0.893 seconds.[0m
notifying browser that file changed:  target/cljsbuild/public/js/out/practice/core.js
Notifying browser that CSS file changed: resources/public/css/screen.css
[0mCompiling "target/cljsbuild/public/js/app.js" from ["src/cljs" "src/cljc" "env/dev/cljs"]...[0m
[32mSuccessfully compiled "target/cljsbuild/public/js/app.js" in 0.98 seconds.[0m
notifying browser that file changed:  target/cljsbuild/public/js/out/practice/core.js
[0mCompiling "target/cljsbuild/public/js/app.js" from ["src/cljs" "src/cljc" "env/dev/cljs"]...[0m
[36m----  Compiler Warning on   src/cljs/practice/core.cljs   line:68  column:4  ----[0m

  [1mUse of undeclared Var practice.core/_[0m

  [36m64[0m  [36m     [:button.ui.fluid.button]]]][0m
  [36m65[0m  [36m  [0m
  [36m66[0m  [36m  ;;complete website practice[0m
  [36m67[0m  [36m  [:header[0m
  [33m68[0m  [1m   _[:img {:src (str js/context "/img/hero.jpg")}][0m
  [0m  [0m  [33m   ^--- Use of undeclared Var practice.core/_[0m
  [36m69[0m  [36m   [:div.hero[0m
  [36m70[0m  [36m    [:h1 "GOODBYE JUNKFOOD HELLO SUPER HEALTHY MEALS"]]])[0m
  [36m71[0m  [36m[0m
  [36m72[0m  [36m(def pages[0m
  [36m73[0m  [36m  {:home #'home-page[0m

[36m----  Compiler Warning : Please see src/cljs/practice/core.cljs  ----[0m
[32mSuccessfully compiled "target/cljsbuild/public/js/app.js" in 0.984 seconds.[0m
notifying browser that file changed:  target/cljsbuild/public/js/out/practice/core.js
[0mCompiling "target/cljsbuild/public/js/app.js" from ["src/cljs" "src/cljc" "env/dev/cljs"]...[0m
[32mSuccessfully compiled "target/cljsbuild/public/js/app.js" in 0.764 seconds.[0m
notifying browser that file changed:  target/cljsbuild/public/js/out/practice/core.js
[0mCompiling "target/cljsbuild/public/js/app.js" from ["src/cljs" "src/cljc" "env/dev/cljs"]...[0m
[32mSuccessfully compiled "target/cljsbuild/public/js/app.js" in 0.855 seconds.[0m
notifying browser that file changed:  target/cljsbuild/public/js/out/practice/core.js
[0mCompiling "target/cljsbuild/public/js/app.js" from ["src/cljs" "src/cljc" "env/dev/cljs"]...[0m
[32mSuccessfully compiled "target/cljsbuild/public/js/app.js" in 1.135 seconds.[0m
notifying browser that file changed:  target/cljsbuild/public/js/out/practice/core.js
[0mCompiling "target/cljsbuild/public/js/app.js" from ["src/cljs" "src/cljc" "env/dev/cljs"]...[0m
[32mSuccessfully compiled "target/cljsbuild/public/js/app.js" in 0.942 seconds.[0m
notifying browser that file changed:  target/cljsbuild/public/js/out/practice/core.js
Notifying browser that CSS file changed: resources/public/css/screen.css
[0mCompiling "target/cljsbuild/public/js/app.js" from ["src/cljs" "src/cljc" "env/dev/cljs"]...[0m
[32mSuccessfully compiled "target/cljsbuild/public/js/app.js" in 0.715 seconds.[0m
notifying browser that file changed:  target/cljsbuild/public/js/out/practice/core.js
Notifying browser that CSS file changed: resources/public/css/screen.css
Notifying browser that CSS file changed: resources/public/css/screen.css
Notifying browser that CSS file changed: resources/public/css/screen.css
[0mCompiling "target/cljsbuild/public/js/app.js" from ["src/cljs" "src/cljc" "env/dev/cljs"]...[0m
[32mSuccessfully compiled "target/cljsbuild/public/js/app.js" in 1.314 seconds.[0m
notifying browser that file changed:  target/cljsbuild/public/js/out/practice/core.js
Notifying browser that CSS file changed: resources/public/css/screen.css
Notifying browser that CSS file changed: resources/public/css/screen.css
Notifying browser that CSS file changed: resources/public/css/screen.css
Notifying browser that CSS file changed: resources/public/css/screen.css
Notifying browser that CSS file changed: resources/public/css/screen.css
Notifying browser that CSS file changed: resources/public/css/screen.css
Notifying browser that CSS file changed: resources/public/css/screen.css
[0mCompiling "target/cljsbuild/public/js/app.js" from ["src/cljs" "src/cljc" "env/dev/cljs"]...[0m
[32mSuccessfully compiled "target/cljsbuild/public/js/app.js" in 2.013 seconds.[0m
notifying browser that file changed:  target/cljsbuild/public/js/out/practice/core.js
[0mCompiling "target/cljsbuild/public/js/app.js" from ["src/cljs" "src/cljc" "env/dev/cljs"]...[0m
[32mSuccessfully compiled "target/cljsbuild/public/js/app.js" in 0.871 seconds.[0m
notifying browser that file changed:  target/cljsbuild/public/js/out/practice/core.js
[0mCompiling "target/cljsbuild/public/js/app.js" from ["src/cljs" "src/cljc" "env/dev/cljs"]...[0m
[32mSuccessfully compiled "target/cljsbuild/public/js/app.js" in 0.742 seconds.[0m
notifying browser that file changed:  target/cljsbuild/public/js/out/practice/core.js
[0mCompiling "target/cljsbuild/public/js/app.js" from ["src/cljs" "src/cljc" "env/dev/cljs"]...[0m
[32mSuccessfully compiled "target/cljsbuild/public/js/app.js" in 0.724 seconds.[0m
notifying browser that file changed:  target/cljsbuild/public/js/out/practice/core.js
Notifying browser that CSS file changed: resources/public/css/screen.css
Notifying browser that CSS file changed: resources/public/css/screen.css
Notifying browser that CSS file changed: resources/public/css/screen.css
Notifying browser that CSS file changed: resources/public/css/screen.css
Notifying browser that CSS file changed: resources/public/css/screen.css
Notifying browser that CSS file changed: resources/public/css/screen.css
Notifying browser that CSS file changed: resources/public/css/screen.css
[0mCompiling "target/cljsbuild/public/js/app.js" from ["src/cljs" "src/cljc" "env/dev/cljs"]...[0m
[32mSuccessfully compiled "target/cljsbuild/public/js/app.js" in 1.351 seconds.[0m
notifying browser that file changed:  target/cljsbuild/public/js/out/practice/core.js
Notifying browser that CSS file changed: resources/public/css/screen.css
Notifying browser that CSS file changed: resources/public/css/screen.css
[0mCompiling "target/cljsbuild/public/js/app.js" from ["src/cljs" "src/cljc" "env/dev/cljs"]...[0m
[36m----  Compiler Warning on   src/cljs/practice/core.cljs   line:70  column:21  ----[0m

  [1mUse of undeclared Var practice.core/FOOD[0m

  [36m66[0m  [36m  ;;complete website practice[0m
  [36m67[0m  [36m  [:div.row[0m
  [36m68[0m  [36m   [:ul.main-nav[0m
  [36m69[0m  [36m    [:li[0m
  [33m70[0m  [1m     [:a {:href ""} FOOD DELIEVERY]]]][0m
  [0m  [0m  [33m                    ^--- Use of undeclared Var practice.core/FOOD[0m
  [36m71[0m  [36m[0m
  [36m72[0m  [36m  [:header[0m
  [36m73[0m  [36m     [:div.hero[0m
  [36m74[0m  [36m    [:h1 "GOODBYE JUNKFOOD" [:br] "HELLO SUPER HEALTHY MEALS"]]])[0m

[36m----  Compiler Warning : Please see src/cljs/practice/core.cljs  ----[0m
[36m----  Compiler Warning on   src/cljs/practice/core.cljs   line:70  column:26  ----[0m

  [1mUse of undeclared Var practice.core/DELIEVERY[0m

  [36m66[0m  [36m  ;;complete website practice[0m
  [36m67[0m  [36m  [:div.row[0m
  [36m68[0m  [36m   [:ul.main-nav[0m
  [36m69[0m  [36m    [:li[0m
  [33m70[0m  [1m     [:a {:href ""} FOOD DELIEVERY]]]][0m
  [0m  [0m  [33m                         ^--- Use of undeclared Var practice.core/DELIEVERY[0m
  [36m71[0m  [36m[0m
  [36m72[0m  [36m  [:header[0m
  [36m73[0m  [36m     [:div.hero[0m
  [36m74[0m  [36m    [:h1 "GOODBYE JUNKFOOD" [:br] "HELLO SUPER HEALTHY MEALS"]]])[0m

[36m----  Compiler Warning : Please see src/cljs/practice/core.cljs  ----[0m
[32mSuccessfully compiled "target/cljsbuild/public/js/app.js" in 0.749 seconds.[0m
notifying browser that file changed:  target/cljsbuild/public/js/out/practice/core.js
[0mCompiling "target/cljsbuild/public/js/app.js" from ["src/cljs" "src/cljc" "env/dev/cljs"]...[0m
[32mSuccessfully compiled "target/cljsbuild/public/js/app.js" in 0.823 seconds.[0m
notifying browser that file changed:  target/cljsbuild/public/js/out/practice/core.js
[0mCompiling "target/cljsbuild/public/js/app.js" from ["src/cljs" "src/cljc" "env/dev/cljs"]...[0m
[32mSuccessfully compiled "target/cljsbuild/public/js/app.js" in 0.667 seconds.[0m
notifying browser that file changed:  target/cljsbuild/public/js/out/practice/core.js
[0mCompiling "target/cljsbuild/public/js/app.js" from ["src/cljs" "src/cljc" "env/dev/cljs"]...[0m
[32mSuccessfully compiled "target/cljsbuild/public/js/app.js" in 0.793 seconds.[0m
notifying browser that file changed:  target/cljsbuild/public/js/out/practice/core.js
[0mCompiling "target/cljsbuild/public/js/app.js" from ["src/cljs" "src/cljc" "env/dev/cljs"]...[0m
[36m----  Compiler Warning on   src/cljs/practice/core.cljs   line:70  column:21  ----[0m

  [1mUse of undeclared Var practice.core/aaa[0m

  [36m66[0m  [36m  ;;complete website practice[0m
  [36m67[0m  [36m  [:div.row[0m
  [36m68[0m  [36m   [:ul.main-nav[0m
  [36m69[0m  [36m    [:li[0m
  [33m70[0m  [1m     [:a {:href ""} aaa]]]][0m
  [0m  [0m  [33m                    ^--- Use of undeclared Var practice.core/aaa[0m
  [36m71[0m  [36m[0m
  [36m72[0m  [36m  [:header[0m
  [36m73[0m  [36m     [:div.hero[0m
  [36m74[0m  [36m    [:h1 "GOODBYE JUNKFOOD" [:br] "HELLO SUPER HEALTHY MEALS"]]])[0m

[36m----  Compiler Warning : Please see src/cljs/practice/core.cljs  ----[0m
[32mSuccessfully compiled "target/cljsbuild/public/js/app.js" in 0.731 seconds.[0m
notifying browser that file changed:  target/cljsbuild/public/js/out/practice/core.js
[0mCompiling "target/cljsbuild/public/js/app.js" from ["src/cljs" "src/cljc" "env/dev/cljs"]...[0m
[32mSuccessfully compiled "target/cljsbuild/public/js/app.js" in 0.729 seconds.[0m
notifying browser that file changed:  target/cljsbuild/public/js/out/practice/core.js
[0mCompiling "target/cljsbuild/public/js/app.js" from ["src/cljs" "src/cljc" "env/dev/cljs"]...[0m
[31mFailed to compile "target/cljsbuild/public/js/app.js" in 0.388 seconds.[0m
[36m----  Could not Read  src/cljs/practice/core.cljs   line:70 ----[0m

  [1m/home/rupesh/practice/src/cljs/practice/core.cljs [line 70, col 25] The map literal starting with :href on line 70 column 10 contains 3 form(s). Map literals must contain an even number of forms.[0m

  [36m68[0m  [36m   [:ul.main-nav[0m
  [36m69[0m  [36m    [:li[0m
  [33m70[0m  [1m     [:a {:href "" "sd"}]]]][0m
  [0m  [0m  [33m     /home/rupesh/practice/src/cljs/practice/core.cljs [line 70, col 25] The map literal starting with :href on line 70 column 10 contains 3 form(s). Map literals must contain an even number of forms.[0m
  [36m71[0m  [36m[0m
  [36m72[0m  [36m  [:header[0m
  [36m73[0m  [36m     [:div.hero[0m

[36m----  Reader Error : Please see src/cljs/practice/core.cljs  ----[0m
[0mCompiling "target/cljsbuild/public/js/app.js" from ["src/cljs" "src/cljc" "env/dev/cljs"]...[0m
[32mSuccessfully compiled "target/cljsbuild/public/js/app.js" in 0.616 seconds.[0m
notifying browser that file changed:  target/cljsbuild/public/js/out/practice/core.js
[0mCompiling "target/cljsbuild/public/js/app.js" from ["src/cljs" "src/cljc" "env/dev/cljs"]...[0m
[36m----  Compiler Warning on   src/cljs/practice/core.cljs   line:70  column:22  ----[0m

  [1mUse of undeclared Var practice.core/food[0m

  [36m66[0m  [36m  ;;complete website practice[0m
  [36m67[0m  [36m  [:div.row[0m
  [36m68[0m  [36m   [:ul.main-nav[0m
  [36m69[0m  [36m    [:li[0m
  [33m70[0m  [1m     [:a {:href ""}] food]]][0m
  [0m  [0m  [33m                     ^--- Use of undeclared Var practice.core/food[0m
  [36m71[0m  [36m[0m
  [36m72[0m  [36m  [:header[0m
  [36m73[0m  [36m     [:div.hero[0m
  [36m74[0m  [36m    [:h1 "GOODBYE JUNKFOOD" [:br] "HELLO SUPER HEALTHY MEALS"]]])[0m

[36m----  Compiler Warning : Please see src/cljs/practice/core.cljs  ----[0m
[32mSuccessfully compiled "target/cljsbuild/public/js/app.js" in 0.768 seconds.[0m
notifying browser that file changed:  target/cljsbuild/public/js/out/practice/core.js
[0mCompiling "target/cljsbuild/public/js/app.js" from ["src/cljs" "src/cljc" "env/dev/cljs"]...[0m
[32mSuccessfully compiled "target/cljsbuild/public/js/app.js" in 0.661 seconds.[0m
notifying browser that file changed:  target/cljsbuild/public/js/out/practice/core.js
[0mCompiling "target/cljsbuild/public/js/app.js" from ["src/cljs" "src/cljc" "env/dev/cljs"]...[0m
[36m----  Compiler Warning on   src/cljs/practice/core.cljs   line:70  column:26  ----[0m

  [1mUse of undeclared Var practice.core/ssds[0m

  [36m66[0m  [36m  ;;complete website practice[0m
  [36m67[0m  [36m  [:div.row[0m
  [36m68[0m  [36m   [:ul.main-nav[0m
  [36m69[0m  [36m    [:li[0m
  [33m70[0m  [1m     [:button {:href ""} ssds]]]][0m
  [0m  [0m  [33m                         ^--- Use of undeclared Var practice.core/ssds[0m
  [36m71[0m  [36m[0m
  [36m72[0m  [36m  [:header[0m
  [36m73[0m  [36m     [:div.hero[0m
  [36m74[0m  [36m    [:h1 "GOODBYE JUNKFOOD" [:br] "HELLO SUPER HEALTHY MEALS"]]])[0m

[36m----  Compiler Warning : Please see src/cljs/practice/core.cljs  ----[0m
[32mSuccessfully compiled "target/cljsbuild/public/js/app.js" in 0.761 seconds.[0m
notifying browser that file changed:  target/cljsbuild/public/js/out/practice/core.js
[0mCompiling "target/cljsbuild/public/js/app.js" from ["src/cljs" "src/cljc" "env/dev/cljs"]...[0m
[36m----  Compiler Warning on   src/cljs/practice/core.cljs   line:70  column:27  ----[0m

  [1mUse of undeclared Var practice.core/dsd[0m

  [36m66[0m  [36m  ;;complete website practice[0m
  [36m67[0m  [36m  [:div.row[0m
  [36m68[0m  [36m   [:ul.main-nav[0m
  [36m69[0m  [36m    [:li[0m
  [33m70[0m  [1m     [:button {:href ""}] dsd]]][0m
  [0m  [0m  [33m                          ^--- Use of undeclared Var practice.core/dsd[0m
  [36m71[0m  [36m[0m
  [36m72[0m  [36m  [:header[0m
  [36m73[0m  [36m     [:div.hero[0m
  [36m74[0m  [36m    [:h1 "GOODBYE JUNKFOOD" [:br] "HELLO SUPER HEALTHY MEALS"]]])[0m

[36m----  Compiler Warning : Please see src/cljs/practice/core.cljs  ----[0m
[32mSuccessfully compiled "target/cljsbuild/public/js/app.js" in 0.749 seconds.[0m
notifying browser that file changed:  target/cljsbuild/public/js/out/practice/core.js
[0mCompiling "target/cljsbuild/public/js/app.js" from ["src/cljs" "src/cljc" "env/dev/cljs"]...[0m
[32mSuccessfully compiled "target/cljsbuild/public/js/app.js" in 0.646 seconds.[0m
notifying browser that file changed:  target/cljsbuild/public/js/out/practice/core.js
[0mCompiling "target/cljsbuild/public/js/app.js" from ["src/cljs" "src/cljc" "env/dev/cljs"]...[0m
[32mSuccessfully compiled "target/cljsbuild/public/js/app.js" in 0.589 seconds.[0m
notifying browser that file changed:  target/cljsbuild/public/js/out/practice/core.js
[0mCompiling "target/cljsbuild/public/js/app.js" from ["src/cljs" "src/cljc" "env/dev/cljs"]...[0m
[32mSuccessfully compiled "target/cljsbuild/public/js/app.js" in 0.688 seconds.[0m
notifying browser that file changed:  target/cljsbuild/public/js/out/practice/core.js
[0mCompiling "target/cljsbuild/public/js/app.js" from ["src/cljs" "src/cljc" "env/dev/cljs"]...[0m
[32mSuccessfully compiled "target/cljsbuild/public/js/app.js" in 0.677 seconds.[0m
notifying browser that file changed:  target/cljsbuild/public/js/out/practice/core.js
[0mCompiling "target/cljsbuild/public/js/app.js" from ["src/cljs" "src/cljc" "env/dev/cljs"]...[0m
[32mSuccessfully compiled "target/cljsbuild/public/js/app.js" in 0.664 seconds.[0m
notifying browser that file changed:  target/cljsbuild/public/js/out/practice/core.js
[0mCompiling "target/cljsbuild/public/js/app.js" from ["src/cljs" "src/cljc" "env/dev/cljs"]...[0m
[32mSuccessfully compiled "target/cljsbuild/public/js/app.js" in 0.643 seconds.[0m
notifying browser that file changed:  target/cljsbuild/public/js/out/practice/core.js
[0mCompiling "target/cljsbuild/public/js/app.js" from ["src/cljs" "src/cljc" "env/dev/cljs"]...[0m
[32mSuccessfully compiled "target/cljsbuild/public/js/app.js" in 0.627 seconds.[0m
notifying browser that file changed:  target/cljsbuild/public/js/out/practice/core.js
Notifying browser that CSS file changed: resources/public/css/screen.css
Notifying browser that CSS file changed: resources/public/css/screen.css
Notifying browser that CSS file changed: resources/public/css/screen.css
Notifying browser that CSS file changed: resources/public/css/screen.css
Notifying browser that CSS file changed: resources/public/css/screen.css
Notifying browser that CSS file changed: resources/public/css/screen.css
Notifying browser that CSS file changed: resources/public/css/screen.css
Notifying browser that CSS file changed: resources/public/css/screen.css
Notifying browser that CSS file changed: resources/public/css/screen.css
Notifying browser that CSS file changed: resources/public/css/screen.css
Notifying browser that CSS file changed: resources/public/css/screen.css
Notifying browser that CSS file changed: resources/public/css/screen.css
Notifying browser that CSS file changed: resources/public/css/screen.css
Notifying browser that CSS file changed: resources/public/css/screen.css
Notifying browser that CSS file changed: resources/public/css/screen.css
Notifying browser that CSS file changed: resources/public/css/screen.css
Notifying browser that CSS file changed: resources/public/css/screen.css
Notifying browser that CSS file changed: resources/public/css/screen.css
[0mCompiling "target/cljsbuild/public/js/app.js" from ["src/cljs" "src/cljc" "env/dev/cljs"]...[0m
[32mSuccessfully compiled "target/cljsbuild/public/js/app.js" in 1.286 seconds.[0m
notifying browser that file changed:  target/cljsbuild/public/js/out/practice/core.js
[0mCompiling "target/cljsbuild/public/js/app.js" from ["src/cljs" "src/cljc" "env/dev/cljs"]...[0m
[32mSuccessfully compiled "target/cljsbuild/public/js/app.js" in 1.913 seconds.[0m
notifying browser that file changed:  target/cljsbuild/public/js/out/practice/core.js
[0mCompiling "target/cljsbuild/public/js/app.js" from ["src/cljs" "src/cljc" "env/dev/cljs"]...[0m
[32mSuccessfully compiled "target/cljsbuild/public/js/app.js" in 0.696 seconds.[0m
notifying browser that file changed:  target/cljsbuild/public/js/out/practice/core.js
Notifying browser that CSS file changed: resources/public/css/screen.css
Notifying browser that CSS file changed: resources/public/css/screen.css
Notifying browser that CSS file changed: resources/public/css/screen.css
Notifying browser that CSS file changed: resources/public/css/screen.css
Notifying browser that CSS file changed: resources/public/css/screen.css
Notifying browser that CSS file changed: resources/public/css/screen.css
Notifying browser that CSS file changed: resources/public/css/screen.css
Notifying browser that CSS file changed: resources/public/css/screen.css
Notifying browser that CSS file changed: resources/public/css/screen.css
Notifying browser that CSS file changed: resources/public/css/screen.css
[0mCompiling "target/cljsbuild/public/js/app.js" from ["src/cljs" "src/cljc" "env/dev/cljs"]...[0m
[32mSuccessfully compiled "target/cljsbuild/public/js/app.js" in 1.081 seconds.[0m
notifying browser that file changed:  target/cljsbuild/public/js/out/practice/core.js
[0mCompiling "target/cljsbuild/public/js/app.js" from ["src/cljs" "src/cljc" "env/dev/cljs"]...[0m
[32mSuccessfully compiled "target/cljsbuild/public/js/app.js" in 0.885 seconds.[0m
notifying browser that file changed:  target/cljsbuild/public/js/out/practice/core.js
Notifying browser that CSS file changed: resources/public/css/screen.css
Notifying browser that CSS file changed: resources/public/css/screen.css
Notifying browser that CSS file changed: resources/public/css/screen.css
[0mCompiling "target/cljsbuild/public/js/app.js" from ["src/cljs" "src/cljc" "env/dev/cljs"]...[0m
[32mSuccessfully compiled "target/cljsbuild/public/js/app.js" in 0.67 seconds.[0m
notifying browser that file changed:  target/cljsbuild/public/js/out/practice/core.js
Notifying browser that CSS file changed: resources/public/css/screen.css
Notifying browser that CSS file changed: resources/public/css/screen.css
Notifying browser that CSS file changed: resources/public/css/screen.css
Notifying browser that CSS file changed: resources/public/css/screen.css
Notifying browser that CSS file changed: resources/public/css/screen.css
Notifying browser that CSS file changed: resources/public/css/screen.css
Notifying browser that CSS file changed: resources/public/css/screen.css
Notifying browser that CSS file changed: resources/public/css/screen.css
Notifying browser that CSS file changed: resources/public/css/screen.css
Notifying browser that CSS file changed: resources/public/css/screen.css
Notifying browser that CSS file changed: resources/public/css/screen.css
Notifying browser that CSS file changed: resources/public/css/screen.css
Notifying browser that CSS file changed: resources/public/css/screen.css
Notifying browser that CSS file changed: resources/public/css/screen.css
Notifying browser that CSS file changed: resources/public/css/screen.css
Notifying browser that CSS file changed: resources/public/css/screen.css
Notifying browser that CSS file changed: resources/public/css/screen.css
Notifying browser that CSS file changed: resources/public/css/screen.css
Notifying browser that CSS file changed: resources/public/css/screen.css
[0mCompiling "target/cljsbuild/public/js/app.js" from ["src/cljs" "src/cljc" "env/dev/cljs"]...[0m
[32mSuccessfully compiled "target/cljsbuild/public/js/app.js" in 1.178 seconds.[0m
notifying browser that file changed:  target/cljsbuild/public/js/out/practice/core.js
[0mCompiling "target/cljsbuild/public/js/app.js" from ["src/cljs" "src/cljc" "env/dev/cljs"]...[0m
[32mSuccessfully compiled "target/cljsbuild/public/js/app.js" in 0.672 seconds.[0m
notifying browser that file changed:  target/cljsbuild/public/js/out/practice/core.js
[0mCompiling "target/cljsbuild/public/js/app.js" from ["src/cljs" "src/cljc" "env/dev/cljs"]...[0m
[32mSuccessfully compiled "target/cljsbuild/public/js/app.js" in 0.673 seconds.[0m
notifying browser that file changed:  target/cljsbuild/public/js/out/practice/core.js
[0mCompiling "target/cljsbuild/public/js/app.js" from ["src/cljs" "src/cljc" "env/dev/cljs"]...[0m
[32mSuccessfully compiled "target/cljsbuild/public/js/app.js" in 0.59 seconds.[0m
notifying browser that file changed:  target/cljsbuild/public/js/out/practice/core.js
Notifying browser that CSS file changed: resources/public/css/screen.css
Notifying browser that CSS file changed: resources/public/css/screen.css
Notifying browser that CSS file changed: resources/public/css/screen.css
Notifying browser that CSS file changed: resources/public/css/screen.css
Notifying browser that CSS file changed: resources/public/css/screen.css
Notifying browser that CSS file changed: resources/public/css/screen.css
[0mCompiling "target/cljsbuild/public/js/app.js" from ["src/cljs" "src/cljc" "env/dev/cljs"]...[0m
[32mSuccessfully compiled "target/cljsbuild/public/js/app.js" in 2.367 seconds.[0m
notifying browser that file changed:  target/cljsbuild/public/js/out/goog/deps.js
notifying browser that file changed:  target/cljsbuild/public/js/out/cljs_deps.js
notifying browser that file changed:  target/cljsbuild/public/js/out/practice/core.js
[0mCompiling "target/cljsbuild/public/js/app.js" from ["src/cljs" "src/cljc" "env/dev/cljs"]...[0m
[32mSuccessfully compiled "target/cljsbuild/public/js/app.js" in 1.267 seconds.[0m
notifying browser that file changed:  target/cljsbuild/public/js/out/practice/core.js
[0mCompiling "target/cljsbuild/public/js/app.js" from ["src/cljs" "src/cljc" "env/dev/cljs"]...[0m
[32mSuccessfully compiled "target/cljsbuild/public/js/app.js" in 1.092 seconds.[0m
notifying browser that file changed:  target/cljsbuild/public/js/out/practice/core.js
[0mCompiling "target/cljsbuild/public/js/app.js" from ["src/cljs" "src/cljc" "env/dev/cljs"]...[0m
[32mSuccessfully compiled "target/cljsbuild/public/js/app.js" in 1.073 seconds.[0m
notifying browser that file changed:  target/cljsbuild/public/js/out/practice/core.js
[0mCompiling "target/cljsbuild/public/js/app.js" from ["src/cljs" "src/cljc" "env/dev/cljs"]...[0m
[32mSuccessfully compiled "target/cljsbuild/public/js/app.js" in 0.969 seconds.[0m
notifying browser that file changed:  target/cljsbuild/public/js/out/practice/core.js
Notifying browser that CSS file changed: resources/public/css/screen.css
Notifying browser that CSS file changed: resources/public/css/screen.css
