2017-08-15 11:02:08,392 [main] DEBUG org.jboss.logging - Logging Provider: org.jboss.logging.Slf4jLoggerProvider 
2017-08-15 11:02:09,531 [main] INFO  practice.env - 
-=[practice started successfully using the development profile]=- 
2017-08-15 11:02:10,081 [main] INFO  luminus.http-server - starting HTTP server on port 3000 
2017-08-15 11:02:10,463 [main] INFO  org.xnio - XNIO version 3.3.6.Final 
2017-08-15 11:02:11,833 [main] ERROR luminus.http-server - server failed to start on port 3000 
java.lang.RuntimeException: java.net.BindException: Address already in use
	at io.undertow.Undertow.start(Undertow.java:186) ~[undertow-core-1.3.23.Final.jar:1.3.23.Final]
	at org.projectodd.wunderboss.web.undertow.UndertowWeb.start(UndertowWeb.java:83) ~[wunderboss-web-undertow-0.12.2.jar:na]
	at org.projectodd.wunderboss.web.undertow.UndertowWeb.registerHandler(UndertowWeb.java:143) ~[wunderboss-web-undertow-0.12.2.jar:na]
	at org.projectodd.wunderboss.web.undertow.UndertowWeb.registerHandler(UndertowWeb.java:124) ~[wunderboss-web-undertow-0.12.2.jar:na]
	at org.projectodd.wunderboss.web.undertow.UndertowWeb.registerHandler(UndertowWeb.java:68) ~[wunderboss-web-undertow-0.12.2.jar:na]
	at immutant.web.internal.wunderboss$mount.invokeStatic(wunderboss.clj:79) ~[na:na]
	at immutant.web.internal.wunderboss$mount.invoke(wunderboss.clj:56) ~[na:na]
	at immutant.web$run.invokeStatic(web.clj:111) ~[na:na]
	at immutant.web$run.doInvoke(web.clj:23) ~[na:na]
	at clojure.lang.RestFn.invoke(RestFn.java:423) [clojure-1.8.0.jar:na]
	at luminus.http_server$start.invokeStatic(http_server.clj:20) [na:na]
	at luminus.http_server$start.invoke(http_server.clj:17) [na:na]
	at practice.core$eval39344$fn__39345.invoke(core.clj:18) [na:na]
	at mount.core$record_BANG_.invokeStatic(core.cljc:86) [na:na]
	at mount.core$record_BANG_.invoke(core.cljc:85) [na:na]
	at mount.core$up$fn__100.invoke(core.cljc:93) [na:na]
	at mount.core$up.invokeStatic(core.cljc:92) [na:na]
	at mount.core$up.invoke(core.cljc:90) [na:na]
	at mount.core$bring.invokeStatic(core.cljc:210) [na:na]
	at mount.core$bring.invoke(core.cljc:202) [na:na]
	at mount.core$start.invokeStatic(core.cljc:252) [na:na]
	at mount.core$start.doInvoke(core.cljc:244) [na:na]
	at clojure.lang.RestFn.invoke(RestFn.java:397) [clojure-1.8.0.jar:na]
	at mount.core$start_with_args.invokeStatic(core.cljc:350) [na:na]
	at mount.core$start_with_args.doInvoke(core.cljc:346) [na:na]
	at clojure.lang.RestFn.invoke(RestFn.java:410) [clojure-1.8.0.jar:na]
	at practice.core$start_app.invokeStatic(core.clj:41) [na:na]
	at practice.core$start_app.invoke(core.clj:40) [na:na]
	at practice.core$_main.invokeStatic(core.clj:49) [na:na]
	at practice.core$_main.doInvoke(core.clj:48) [na:na]
	at clojure.lang.RestFn.invoke(RestFn.java:397) [clojure-1.8.0.jar:na]
	at clojure.lang.Var.invoke(Var.java:375) [clojure-1.8.0.jar:na]
	at user$eval39473.invokeStatic(form-init4044821547909375082.clj:1) [na:na]
	at user$eval39473.invoke(form-init4044821547909375082.clj:1) [na:na]
	at clojure.lang.Compiler.eval(Compiler.java:6927) [clojure-1.8.0.jar:na]
	at clojure.lang.Compiler.eval(Compiler.java:6917) [clojure-1.8.0.jar:na]
	at clojure.lang.Compiler.load(Compiler.java:7379) [clojure-1.8.0.jar:na]
	at clojure.lang.Compiler.loadFile(Compiler.java:7317) [clojure-1.8.0.jar:na]
	at clojure.main$load_script.invokeStatic(main.clj:275) [clojure-1.8.0.jar:na]
	at clojure.main$init_opt.invokeStatic(main.clj:277) [clojure-1.8.0.jar:na]
	at clojure.main$init_opt.invoke(main.clj:277) [clojure-1.8.0.jar:na]
	at clojure.main$initialize.invokeStatic(main.clj:308) [clojure-1.8.0.jar:na]
	at clojure.main$null_opt.invokeStatic(main.clj:342) [clojure-1.8.0.jar:na]
	at clojure.main$null_opt.invoke(main.clj:339) [clojure-1.8.0.jar:na]
	at clojure.main$main.invokeStatic(main.clj:421) [clojure-1.8.0.jar:na]
	at clojure.main$main.doInvoke(main.clj:384) [clojure-1.8.0.jar:na]
	at clojure.lang.RestFn.invoke(RestFn.java:421) [clojure-1.8.0.jar:na]
	at clojure.lang.Var.invoke(Var.java:383) [clojure-1.8.0.jar:na]
	at clojure.lang.AFn.applyToHelper(AFn.java:156) [clojure-1.8.0.jar:na]
	at clojure.lang.Var.applyTo(Var.java:700) [clojure-1.8.0.jar:na]
	at clojure.main.main(main.java:37) [clojure-1.8.0.jar:na]
Caused by: java.net.BindException: Address already in use
	at sun.nio.ch.Net.bind0(Native Method) ~[na:1.8.0_45-internal]
	at sun.nio.ch.Net.bind(Net.java:437) ~[na:1.8.0_45-internal]
	at sun.nio.ch.Net.bind(Net.java:429) ~[na:1.8.0_45-internal]
	at sun.nio.ch.ServerSocketChannelImpl.bind(ServerSocketChannelImpl.java:223) ~[na:1.8.0_45-internal]
	at sun.nio.ch.ServerSocketAdaptor.bind(ServerSocketAdaptor.java:74) ~[na:1.8.0_45-internal]
	at org.xnio.nio.NioXnioWorker.createTcpConnectionServer(NioXnioWorker.java:190) ~[xnio-nio-3.3.6.Final.jar:3.3.6.Final]
	at org.xnio.XnioWorker.createStreamConnectionServer(XnioWorker.java:243) ~[xnio-api-3.3.6.Final.jar:3.3.6.Final]
	at io.undertow.Undertow.start(Undertow.java:142) ~[undertow-core-1.3.23.Final.jar:1.3.23.Final]
	... 50 common frames omitted
2017-08-15 11:04:37,962 [main] DEBUG org.jboss.logging - Logging Provider: org.jboss.logging.Slf4jLoggerProvider 
2017-08-15 11:04:39,017 [main] INFO  practice.env - 
-=[practice started successfully using the development profile]=- 
2017-08-15 11:04:39,307 [main] INFO  luminus.http-server - starting HTTP server on port 3000 
2017-08-15 11:04:39,555 [main] INFO  org.xnio - XNIO version 3.3.6.Final 
2017-08-15 11:04:40,198 [main] INFO  org.projectodd.wunderboss.web.Web - Registered web context / 
2017-08-15 11:04:40,201 [main] INFO  luminus.repl-server - starting nREPL server on port 7000 
2017-08-15 11:04:40,234 [main] INFO  practice.core - #'practice.config/env started 
2017-08-15 11:04:40,235 [main] INFO  practice.core - #'practice.handler/init-app started 
2017-08-15 11:04:40,235 [main] INFO  practice.core - #'practice.core/http-server started 
2017-08-15 11:04:40,237 [main] INFO  practice.core - #'practice.core/repl-server started 
2017-08-15 11:07:54,638 [main] DEBUG org.jboss.logging - Logging Provider: org.jboss.logging.Slf4jLoggerProvider 
2017-08-15 11:19:33,383 [main] DEBUG org.jboss.logging - Logging Provider: org.jboss.logging.Slf4jLoggerProvider 
2017-08-15 11:19:34,132 [main] INFO  practice.env - 
-=[practice started successfully using the development profile]=- 
2017-08-15 11:19:34,472 [main] INFO  luminus.http-server - starting HTTP server on port 3000 
2017-08-15 11:19:34,661 [main] INFO  org.xnio - XNIO version 3.3.6.Final 
2017-08-15 11:19:35,180 [main] INFO  org.projectodd.wunderboss.web.Web - Registered web context / 
2017-08-15 11:19:35,183 [main] INFO  luminus.repl-server - starting nREPL server on port 7000 
2017-08-15 11:19:35,225 [main] INFO  practice.core - #'practice.config/env started 
2017-08-15 11:19:35,226 [main] INFO  practice.core - #'practice.handler/init-app started 
2017-08-15 11:19:35,227 [main] INFO  practice.core - #'practice.core/http-server started 
2017-08-15 11:19:35,227 [main] INFO  practice.core - #'practice.core/repl-server started 
2017-08-15 11:22:52,962 [main] DEBUG org.jboss.logging - Logging Provider: org.jboss.logging.Slf4jLoggerProvider 
2017-08-15 17:45:32,377 [main] DEBUG org.jboss.logging - Logging Provider: org.jboss.logging.Slf4jLoggerProvider 
2017-08-15 17:45:33,090 [main] INFO  practice.env - 
-=[practice started successfully using the development profile]=- 
2017-08-15 17:45:33,328 [main] INFO  luminus.http-server - starting HTTP server on port 3000 
2017-08-15 17:45:33,528 [main] INFO  org.xnio - XNIO version 3.3.6.Final 
2017-08-15 17:45:34,010 [main] INFO  org.projectodd.wunderboss.web.Web - Registered web context / 
2017-08-15 17:45:34,012 [main] INFO  luminus.repl-server - starting nREPL server on port 7000 
2017-08-15 17:45:34,047 [main] INFO  practice.core - #'practice.config/env started 
2017-08-15 17:45:34,048 [main] INFO  practice.core - #'practice.handler/init-app started 
2017-08-15 17:45:34,048 [main] INFO  practice.core - #'practice.core/http-server started 
2017-08-15 17:45:34,048 [main] INFO  practice.core - #'practice.core/repl-server started 
2017-08-15 17:46:37,655 [main] DEBUG org.jboss.logging - Logging Provider: org.jboss.logging.Slf4jLoggerProvider 
2017-08-15 18:07:03,398 [main] DEBUG org.jboss.logging - Logging Provider: org.jboss.logging.Slf4jLoggerProvider 
2017-08-15 18:07:03,883 [main] INFO  practice.env - 
-=[practice started successfully using the development profile]=- 
2017-08-15 18:07:04,111 [main] INFO  luminus.http-server - starting HTTP server on port 3000 
2017-08-15 18:07:04,284 [main] INFO  org.xnio - XNIO version 3.3.6.Final 
2017-08-15 18:07:04,755 [main] INFO  org.projectodd.wunderboss.web.Web - Registered web context / 
2017-08-15 18:07:04,757 [main] INFO  luminus.repl-server - starting nREPL server on port 7000 
2017-08-15 18:07:04,788 [main] INFO  practice.core - #'practice.config/env started 
2017-08-15 18:07:04,789 [main] INFO  practice.core - #'practice.handler/init-app started 
2017-08-15 18:07:04,789 [main] INFO  practice.core - #'practice.core/http-server started 
2017-08-15 18:07:04,789 [main] INFO  practice.core - #'practice.core/repl-server started 
2017-08-15 18:07:53,115 [main] DEBUG org.jboss.logging - Logging Provider: org.jboss.logging.Slf4jLoggerProvider 
2017-08-15 23:35:29,947 [main] DEBUG org.jboss.logging - Logging Provider: org.jboss.logging.Slf4jLoggerProvider 
2017-08-15 23:35:30,480 [main] INFO  practice.env - 
-=[practice started successfully using the development profile]=- 
2017-08-15 23:35:30,691 [main] INFO  luminus.http-server - starting HTTP server on port 3000 
2017-08-15 23:35:30,882 [main] INFO  org.xnio - XNIO version 3.3.6.Final 
2017-08-15 23:35:31,373 [main] INFO  org.projectodd.wunderboss.web.Web - Registered web context / 
2017-08-15 23:35:31,375 [main] INFO  luminus.repl-server - starting nREPL server on port 7000 
2017-08-15 23:35:31,406 [main] INFO  practice.core - #'practice.config/env started 
2017-08-15 23:35:31,407 [main] INFO  practice.core - #'practice.handler/init-app started 
2017-08-15 23:35:31,408 [main] INFO  practice.core - #'practice.core/http-server started 
2017-08-15 23:35:31,408 [main] INFO  practice.core - #'practice.core/repl-server started 
2017-08-15 23:36:10,791 [main] DEBUG org.jboss.logging - Logging Provider: org.jboss.logging.Slf4jLoggerProvider 
